[01m[K/root/catkin_ws/src/capture_camera_img/src/capture_camera_img.cpp:38:44:[m[K [01;31m[Kfatal error: [m[Kdarknet_ros_msgs/BoundingBoxes.h: No such file or directory
compilation terminated.
make[2]: *** [CMakeFiles/capture_camera_img_node.dir/src/capture_camera_img.cpp.o] Error 1
make[1]: *** [CMakeFiles/capture_camera_img_node.dir/all] Error 2
make: *** [all] Error 2
