[01m[K/root/catkin_ws/src/combi_darknet_openface/src/combi_darknet_openface_node.cpp:[m[K In member function '[01m[Kvoid CombiDarknetOpenface::ChangeViewPoint(double)[m[K':
[01m[K/root/catkin_ws/src/combi_darknet_openface/src/combi_darknet_openface_node.cpp:786:45:[m[K [01;31m[Kerror: [m[Kexpected identifier before '[01m[K([m[K' token
             else if((-90<=headarrowtheta))&&(headarrowtheta)<0))
[01;32m[K                                             ^[m[K
[01m[K/root/catkin_ws/src/combi_darknet_openface/src/combi_darknet_openface_node.cpp:802:52:[m[K [01;31m[Kerror: [m[K'[01m[Kmsg[m[K' was not declared in this scope
             targetrobotposearrow.pose.position.x = msg->pose.position.x;
[01;32m[K                                                    ^[m[K
[01m[K/root/catkin_ws/src/combi_darknet_openface/src/combi_darknet_openface_node.cpp:811:13:[m[K [01;31m[Kerror: [m[K'[01m[Kpersonarrow[m[K' was not declared in this scope
             personarrow.scale.x = 0.3;
[01;32m[K             ^[m[K
make[2]: *** [CMakeFiles/combi_darknet_openface_node.dir/src/combi_darknet_openface_node.cpp.o] Error 1
make[1]: *** [CMakeFiles/combi_darknet_openface_node.dir/all] Error 2
make: *** [all] Error 2
