[01m[K/root/catkin_ws/src/combi_darknet_openface/src/combi_darknet_openface_node.cpp:1177:13:[m[K [01;31m[Kerror: [m[Kstray '[01m[K`[m[K' in program
             `/*
[01;32m[K             ^[m[K
[01m[K/root/catkin_ws/src/combi_darknet_openface/src/combi_darknet_openface_node.cpp:[m[K In member function '[01m[Kvoid CombiDarknetOpenface::Calculate_TimeUse(double)[m[K':
[01m[K/root/catkin_ws/src/combi_darknet_openface/src/combi_darknet_openface_node.cpp:1148:40:[m[K [01;31m[Kerror: [m[K'[01m[Knose_end_point2Ddrawmin[m[K' was not declared in this scope
         double thetanoseendmin = atan2(nose_end_point2Ddrawmin[1],nose_end_point2Ddraw[0])* 180 / PI;
[01;32m[K                                        ^[m[K
[01m[K/root/catkin_ws/src/combi_darknet_openface/src/combi_darknet_openface_node.cpp:1148:67:[m[K [01;31m[Kerror: [m[K'[01m[Knose_end_point2Ddraw[m[K' was not declared in this scope
         double thetanoseendmin = atan2(nose_end_point2Ddrawmin[1],nose_end_point2Ddraw[0])* 180 / PI;
[01;32m[K                                                                   ^[m[K
make[2]: *** [CMakeFiles/combi_darknet_openface_node.dir/src/combi_darknet_openface_node.cpp.o] Error 1
make[1]: *** [CMakeFiles/combi_darknet_openface_node.dir/all] Error 2
make: *** [all] Error 2
