[01m[K/root/catkin_ws/src/combi_darknet_openface/src/combi_darknet_openface_node.cpp:[m[K In member function '[01m[Kvoid CombiDarknetOpenface::msgCallback_ObjectRecognition(const ConstPtr&)[m[K':
[01m[K/root/catkin_ws/src/combi_darknet_openface/src/combi_darknet_openface_node.cpp:595:28:[m[K [01;31m[Kerror: [m[K'[01m[Kclass std::vector<float>[m[K' has no member named '[01m[Kpushback[m[K'
             timerecordface.pushback(0);
[01;32m[K                            ^[m[K
[01m[K/root/catkin_ws/src/combi_darknet_openface/src/combi_darknet_openface_node.cpp:[m[K In member function '[01m[Kvoid CombiDarknetOpenface::Calculate_TimeUse(double)[m[K':
[01m[K/root/catkin_ws/src/combi_darknet_openface/src/combi_darknet_openface_node.cpp:1066:31:[m[K [01;31m[Kerror: [m[K'[01m[Knoseendminindex[m[K' was not declared in this scope
             timerecordface.at(noseendminindex) += currenttimesec-lastcurrenttimesec;
[01;32m[K                               ^[m[K
[01m[K/root/catkin_ws/src/combi_darknet_openface/src/combi_darknet_openface_node.cpp:1080:12:[m[K [01;31m[Kerror: [m[K'[01m[Knoseendminindex[m[K' was not declared in this scope
          <<noseendminindex<<std::endl;
[01;32m[K            ^[m[K
make[2]: *** [CMakeFiles/combi_darknet_openface_node.dir/src/combi_darknet_openface_node.cpp.o] Error 1
make[1]: *** [CMakeFiles/combi_darknet_openface_node.dir/all] Error 2
make: *** [all] Error 2
