[01m[K/root/catkin_ws/src/combi_darknet_openface/src/combi_darknet_openface_node.cpp:[m[K In member function '[01m[Kvoid CombiDarknetOpenface::Calculate_TimeUse(double)[m[K':
[01m[K/root/catkin_ws/src/combi_darknet_openface/src/combi_darknet_openface_node.cpp:793:82:[m[K [01;31m[Kerror: [m[K'[01m[Kclass __gnu_cxx::__normal_iterator<float*, std::vector<float> >[m[K' has no member named '[01m[Kbegin[m[K'
             std::vector<float>::iterator citernoseob =std::find(mingazethetadiff.begin(), mingazethetadiff.end(), mingazethetadifftmp);
[01;32m[K                                                                                  ^[m[K
[01m[K/root/catkin_ws/src/combi_darknet_openface/src/combi_darknet_openface_node.cpp:793:108:[m[K [01;31m[Kerror: [m[K'[01m[Kclass __gnu_cxx::__normal_iterator<float*, std::vector<float> >[m[K' has no member named '[01m[Kend[m[K'
             std::vector<float>::iterator citernoseob =std::find(mingazethetadiff.begin(), mingazethetadiff.end(), mingazethetadifftmp);
[01;32m[K                                                                                                            ^[m[K
make[2]: *** [CMakeFiles/combi_darknet_openface_node.dir/src/combi_darknet_openface_node.cpp.o] Error 1
make[1]: *** [CMakeFiles/combi_darknet_openface_node.dir/all] Error 2
make: *** [all] Error 2
