[01m[K/root/catkin_ws/src/combi_darknet_openface/src/combi_darknet_openface_node.cpp:[m[K In member function '[01m[Kvoid CombiDarknetOpenface::depthImageCallback(const ImageConstPtr&)[m[K':
[01m[K/root/catkin_ws/src/combi_darknet_openface/src/combi_darknet_openface_node.cpp:2531:18:[m[K [01;31m[Kerror: [m[K'[01m[KAp[m[K' was not declared in this scope
                  Ap << cos(robotyaw/180.0*M_PI), sin(robotyaw/180.0*M_PI), robotpose.at(0), 
[01;32m[K                  ^[m[K
[01m[K/root/catkin_ws/src/combi_darknet_openface/src/combi_darknet_openface_node.cpp:2535:18:[m[K [01;31m[Kerror: [m[K'[01m[KBp[m[K' was not declared in this scope
                  Bp << cos(personangle/180.0*M_PI), sin(personangle/180.0*M_PI), persondist*cos(personangle/180.0*M_PI), 
[01;32m[K                  ^[m[K
[01m[K/root/catkin_ws/src/combi_darknet_openface/src/combi_darknet_openface_node.cpp:2539:18:[m[K [01;31m[Kerror: [m[K'[01m[KTp[m[K' was not declared in this scope
                  Tp = Ap*Bp;
[01;32m[K                  ^[m[K
[01m[K/root/catkin_ws/src/combi_darknet_openface/src/combi_darknet_openface_node.cpp:2652:9:[m[K [01;31m[Kerror: [m[K'[01m[Kdistancetmp[m[K' was not declared in this scope
      << distancetmp<<", "
[01;32m[K         ^[m[K
make[2]: *** [CMakeFiles/combi_darknet_openface_node.dir/src/combi_darknet_openface_node.cpp.o] Error 1
make[1]: *** [CMakeFiles/combi_darknet_openface_node.dir/all] Error 2
make: *** [all] Error 2
