[01m[K/root/catkin_ws/src/combi_darknet_openface/src/combi_darknet_openface_node.cpp:599:5:[m[K [01;31m[Kerror: [m[Kstray '[01m[K\357[m[K' in program
     if(((!personbox.empty())&&(!robotmove)&&ï¼ˆ!personmove))
[01;32m[K     ^[m[K
[01m[K/root/catkin_ws/src/combi_darknet_openface/src/combi_darknet_openface_node.cpp:599:5:[m[K [01;31m[Kerror: [m[Kstray '[01m[K\274[m[K' in program
[01m[K/root/catkin_ws/src/combi_darknet_openface/src/combi_darknet_openface_node.cpp:599:5:[m[K [01;31m[Kerror: [m[Kstray '[01m[K\210[m[K' in program
[01m[K/root/catkin_ws/src/combi_darknet_openface/src/combi_darknet_openface_node.cpp:637:6:[m[K [01;31m[Kerror: [m[Kprototype for '[01m[Kvoid CombiDarknetOpenface::Publish_Velocity()[m[K' does not match any in class '[01m[KCombiDarknetOpenface[m[K'
 void CombiDarknetOpenface::Publish_Velocity()
[01;32m[K      ^[m[K
[01m[K/root/catkin_ws/src/combi_darknet_openface/src/combi_darknet_openface_node.cpp:127:10:[m[K [01;31m[Kerror: [m[Kcandidate is: void CombiDarknetOpenface::Publish_Velocity(double)
     void Publish_Velocity(double currenttimesec);
[01;32m[K          ^[m[K
make[2]: *** [CMakeFiles/combi_darknet_openface_node.dir/src/combi_darknet_openface_node.cpp.o] Error 1
make[1]: *** [CMakeFiles/combi_darknet_openface_node.dir/all] Error 2
make: *** [all] Error 2
