[01m[K/root/catkin_ws/src/combi_darknet_openface/src/combi_darknet_openface_node.cpp:[m[K In member function '[01m[Kvoid CombiDarknetOpenface::Calculate_TimeUse(double)[m[K':
[01m[K/root/catkin_ws/src/combi_darknet_openface/src/combi_darknet_openface_node.cpp:743:21:[m[K [01;31m[Kerror: [m[K'[01m[Kcitenoseenddist[m[K' was not declared in this scope
                 if (citenoseenddist != noseenddistance.end()) 
[01;32m[K                     ^[m[K
[01m[K/root/catkin_ws/src/combi_darknet_openface/src/combi_darknet_openface_node.cpp:750:16:[m[K [01;31m[Kerror: [m[K'[01m[Kminnoseenddistancetmp[m[K' was not declared in this scope
             if(minnoseenddistancetmp<minnoseend)
[01;32m[K                ^[m[K
make[2]: *** [CMakeFiles/combi_darknet_openface_node.dir/src/combi_darknet_openface_node.cpp.o] Error 1
make[1]: *** [CMakeFiles/combi_darknet_openface_node.dir/all] Error 2
make: *** [all] Error 2
