[01m[K/root/catkin_ws/src/combi_darknet_openface/src/combi_darknet_openface_node.cpp:[m[K In member function '[01m[Kvoid CombiDarknetOpenface::Calculate_TimeUse(double)[m[K':
[01m[K/root/catkin_ws/src/combi_darknet_openface/src/combi_darknet_openface_node.cpp:1837:13:[m[K [01;31m[Kerror: [m[K'[01m[Kdetectedobject[m[K' was not declared in this scope
             detectedobject.push_back(boxxmin2.at(noseendminindex));
[01;32m[K             ^[m[K
[01m[K/root/catkin_ws/src/combi_darknet_openface/src/combi_darknet_openface_node.cpp:[m[K In member function '[01m[Kvoid CombiDarknetOpenface::Calculate_TimeUseOutofView(double)[m[K':
[01m[K/root/catkin_ws/src/combi_darknet_openface/src/combi_darknet_openface_node.cpp:2042:9:[m[K [01;31m[Kerror: [m[K'[01m[Kdetectedobject[m[K' was not declared in this scope
         detectedobject.push_back(boxxmin2.at(noseendminindex));
[01;32m[K         ^[m[K
[01m[K/root/catkin_ws/src/combi_darknet_openface/src/combi_darknet_openface_node.cpp:[m[K In member function '[01m[Kvoid CombiDarknetOpenface::depthImageCallback(const ImageConstPtr&)[m[K':
[01m[K/root/catkin_ws/src/combi_darknet_openface/src/combi_darknet_openface_node.cpp:2413:31:[m[K [01;31m[Kerror: [m[K'[01m[Kdetectedobject[m[K' was not declared in this scope
     if((!personbox.empty()||(!detectedobject.empty())
[01;32m[K                               ^[m[K
[01m[K/root/catkin_ws/src/combi_darknet_openface/src/combi_darknet_openface_node.cpp:2414:5:[m[K [01;31m[Kerror: [m[Kexpected '[01m[K)[m[K' before '[01m[K{[m[K' token
     {
[01;32m[K     ^[m[K
[01m[K/root/catkin_ws/src/combi_darknet_openface/src/combi_darknet_openface_node.cpp:3227:1:[m[K [01;31m[Kerror: [m[Kexpected '[01m[K)[m[K' at end of input
 }
[01;32m[K ^[m[K
[01m[K/root/catkin_ws/src/combi_darknet_openface/src/combi_darknet_openface_node.cpp:3227:1:[m[K [01;31m[Kerror: [m[Kexpected statement at end of input
[01m[K/root/catkin_ws/src/combi_darknet_openface/src/combi_darknet_openface_node.cpp:3227:1:[m[K [01;31m[Kerror: [m[Kexpected '[01m[K}[m[K' at end of input
make[2]: *** [CMakeFiles/combi_darknet_openface_node.dir/src/combi_darknet_openface_node.cpp.o] Error 1
make[1]: *** [CMakeFiles/combi_darknet_openface_node.dir/all] Error 2
make: *** [all] Error 2
