[01m[K/root/catkin_ws/src/combi_darknet_openface/src/combi_darknet_openface_node.cpp:[m[K In constructor '[01m[KCombiDarknetOpenface::CombiDarknetOpenface(ros::NodeHandle)[m[K':
[01m[K/root/catkin_ws/src/combi_darknet_openface/src/combi_darknet_openface_node.cpp:262:43:[m[K [01;31m[Kerror: [m[K'[01m[KString[m[K' is not a member of '[01m[Kstd_msgs[m[K'
         pepper_speech_pub = nh1.advertise<std_msgs::String>("/speech", 1);
[01;32m[K                                           ^[m[K
[01m[K/root/catkin_ws/src/combi_darknet_openface/src/combi_darknet_openface_node.cpp:262:43:[m[K [01;36m[Knote: [m[Ksuggested alternative:
In file included from [01m[K/opt/ros/kinetic/include/opencv-3.2.0-dev/opencv2/core/base.hpp:58:0[m[K,
                 from [01m[K/opt/ros/kinetic/include/opencv-3.2.0-dev/opencv2/core.hpp:54[m[K,
                 from [01m[K/opt/ros/kinetic/include/opencv-3.2.0-dev/opencv2/core/core.hpp:48[m[K,
                 from [01m[K/opt/ros/kinetic/include/cv_bridge/cv_bridge.h:43[m[K,
                 from [01m[K/root/catkin_ws/src/combi_darknet_openface/src/combi_darknet_openface_node.cpp:8[m[K:
[01m[K/opt/ros/kinetic/include/opencv-3.2.0-dev/opencv2/core/cvstd.hpp:477:18:[m[K [01;36m[Knote: [m[K  '[01m[Kcv::String[m[K'
 class CV_EXPORTS String
[01;32m[K                  ^[m[K
[01m[K/root/catkin_ws/src/combi_darknet_openface/src/combi_darknet_openface_node.cpp:262:43:[m[K [01;31m[Kerror: [m[K'[01m[KString[m[K' is not a member of '[01m[Kstd_msgs[m[K'
         pepper_speech_pub = nh1.advertise<std_msgs::String>("/speech", 1);
[01;32m[K                                           ^[m[K
[01m[K/root/catkin_ws/src/combi_darknet_openface/src/combi_darknet_openface_node.cpp:262:43:[m[K [01;36m[Knote: [m[Ksuggested alternative:
In file included from [01m[K/opt/ros/kinetic/include/opencv-3.2.0-dev/opencv2/core/base.hpp:58:0[m[K,
                 from [01m[K/opt/ros/kinetic/include/opencv-3.2.0-dev/opencv2/core.hpp:54[m[K,
                 from [01m[K/opt/ros/kinetic/include/opencv-3.2.0-dev/opencv2/core/core.hpp:48[m[K,
                 from [01m[K/opt/ros/kinetic/include/cv_bridge/cv_bridge.h:43[m[K,
                 from [01m[K/root/catkin_ws/src/combi_darknet_openface/src/combi_darknet_openface_node.cpp:8[m[K:
[01m[K/opt/ros/kinetic/include/opencv-3.2.0-dev/opencv2/core/cvstd.hpp:477:18:[m[K [01;36m[Knote: [m[K  '[01m[Kcv::String[m[K'
 class CV_EXPORTS String
[01;32m[K                  ^[m[K
[01m[K/root/catkin_ws/src/combi_darknet_openface/src/combi_darknet_openface_node.cpp:262:73:[m[K [01;31m[Kerror: [m[Kno matching function for call to '[01m[Kros::NodeHandle::advertise(const char [8], int)[m[K'
         pepper_speech_pub = nh1.advertise<std_msgs::String>("/speech", 1);
[01;32m[K                                                                         ^[m[K
In file included from [01m[K/opt/ros/kinetic/include/ros/ros.h:45:0[m[K,
                 from [01m[K/root/catkin_ws/src/combi_darknet_openface/src/combi_darknet_openface_node.cpp:1[m[K:
[01m[K/opt/ros/kinetic/include/ros/node_handle.h:248:15:[m[K [01;36m[Knote: [m[Kcandidate: template<class M> ros::Publisher ros::NodeHandle::advertise(const string&, uint32_t, bool)
     Publisher advertise(const std::string& topic, uint32_t queue_size, bool latch = false)
[01;32m[K               ^[m[K
[01m[K/opt/ros/kinetic/include/ros/node_handle.h:248:15:[m[K [01;36m[Knote: [m[K  template argument deduction/substitution failed:
[01m[K/root/catkin_ws/src/combi_darknet_openface/src/combi_darknet_openface_node.cpp:262:73:[m[K [01;31m[Kerror: [m[Ktemplate argument 1 is invalid
         pepper_speech_pub = nh1.advertise<std_msgs::String>("/speech", 1);
[01;32m[K                                                                         ^[m[K
In file included from [01m[K/opt/ros/kinetic/include/ros/ros.h:45:0[m[K,
                 from [01m[K/root/catkin_ws/src/combi_darknet_openface/src/combi_darknet_openface_node.cpp:1[m[K:
[01m[K/opt/ros/kinetic/include/ros/node_handle.h:314:13:[m[K [01;36m[Knote: [m[Kcandidate: template<class M> ros::Publisher ros::NodeHandle::advertise(const string&, uint32_t, const SubscriberStatusCallback&, const SubscriberStatusCallback&, const VoidConstPtr&, bool)
   Publisher advertise(const std::string& topic, uint32_t queue_size,
[01;32m[K             ^[m[K
[01m[K/opt/ros/kinetic/include/ros/node_handle.h:314:13:[m[K [01;36m[Knote: [m[K  template argument deduction/substitution failed:
[01m[K/root/catkin_ws/src/combi_darknet_openface/src/combi_darknet_openface_node.cpp:262:73:[m[K [01;31m[Kerror: [m[Ktemplate argument 1 is invalid
         pepper_speech_pub = nh1.advertise<std_msgs::String>("/speech", 1);
[01;32m[K                                                                         ^[m[K
In file included from [01m[K/opt/ros/kinetic/include/ros/serialization.h:37:0[m[K,
                 from [01m[K/opt/ros/kinetic/include/ros/publisher.h:34[m[K,
                 from [01m[K/opt/ros/kinetic/include/ros/node_handle.h:32[m[K,
                 from [01m[K/opt/ros/kinetic/include/ros/ros.h:45[m[K,
                 from [01m[K/root/catkin_ws/src/combi_darknet_openface/src/combi_darknet_openface_node.cpp:1[m[K:
/opt/ros/kinetic/include/ros/message_traits.h: In instantiation of '[01m[Kstatic const char* ros::message_traits::MD5Sum<M>::value(const M&) [with M = std::__cxx11::basic_string<char>][m[K':
[01m[K/opt/ros/kinetic/include/ros/message_traits.h:255:102:[m[K   required from '[01m[Kconst char* ros::message_traits::md5sum(const M&) [with M = std::__cxx11::basic_string<char>][m[K'
[01m[K/opt/ros/kinetic/include/ros/publisher.h:112:7:[m[K   required from '[01m[Kvoid ros::Publisher::publish(const M&) const [with M = std::__cxx11::basic_string<char>][m[K'
[01m[K/root/catkin_ws/src/combi_darknet_openface/src/combi_darknet_openface_node.cpp:552:39:[m[K   required from here
[01m[K/opt/ros/kinetic/include/ros/message_traits.h:126:34:[m[K [01;31m[Kerror: [m[K'[01m[Kconst class std::__cxx11::basic_string<char>[m[K' has no member named '[01m[K__getMD5Sum[m[K'
     return m.__getMD5Sum().c_str();
[01;32m[K                                  ^[m[K
/opt/ros/kinetic/include/ros/message_traits.h: In instantiation of '[01m[Kstatic const char* ros::message_traits::DataType<M>::value(const M&) [with M = std::__cxx11::basic_string<char>][m[K':
[01m[K/opt/ros/kinetic/include/ros/message_traits.h:264:104:[m[K   required from '[01m[Kconst char* ros::message_traits::datatype(const M&) [with M = std::__cxx11::basic_string<char>][m[K'
[01m[K/opt/ros/kinetic/include/ros/publisher.h:112:7:[m[K   required from '[01m[Kvoid ros::Publisher::publish(const M&) const [with M = std::__cxx11::basic_string<char>][m[K'
[01m[K/root/catkin_ws/src/combi_darknet_openface/src/combi_darknet_openface_node.cpp:552:39:[m[K   required from here
[01m[K/opt/ros/kinetic/include/ros/message_traits.h:143:36:[m[K [01;31m[Kerror: [m[K'[01m[Kconst class std::__cxx11::basic_string<char>[m[K' has no member named '[01m[K__getDataType[m[K'
     return m.__getDataType().c_str();
[01;32m[K                                    ^[m[K
make[2]: *** [CMakeFiles/combi_darknet_openface_node.dir/src/combi_darknet_openface_node.cpp.o] Error 1
make[1]: *** [CMakeFiles/combi_darknet_openface_node.dir/all] Error 2
make: *** [all] Error 2
