[01m[K/root/catkin_ws/src/combi_darknet_openface/src/combi_darknet_openface_node.cpp:[m[K In member function '[01m[Kvoid CombiDarknetOpenface::rgbImageCallback(const ImageConstPtr&)[m[K':
[01m[K/root/catkin_ws/src/combi_darknet_openface/src/combi_darknet_openface_node.cpp:2409:38:[m[K [01;31m[Kerror: [m[K'[01m[Kheadarrowangle[m[K' was not declared in this scope
     cv::putText(cv_ptr->image, tostr(headarrowangle), cv::Point(20,120), CV_FONT_HERSHEY_DUPLEX, 1.0, cv::Scalar(255,255,0), 2,CV_AA);
[01;32m[K                                      ^[m[K
[01m[K/root/catkin_ws/src/combi_darknet_openface/src/combi_darknet_openface_node.cpp:[m[K In member function '[01m[Kvoid CombiDarknetOpenface::PublishHeadposeArrow()[m[K':
[01m[K/root/catkin_ws/src/combi_darknet_openface/src/combi_darknet_openface_node.cpp:3189:9:[m[K [01;31m[Kerror: [m[K'[01m[Kheadarrowangle[m[K' was not declared in this scope
         headarrowangle = atan2(nose_end_point2D_drawtmp.at(0)-nose_tip[0],nose_end_point2D_drawtmp.at(1)-nose_tip[1])* 180 / PI;
[01;32m[K         ^[m[K
make[2]: *** [CMakeFiles/combi_darknet_openface_node.dir/src/combi_darknet_openface_node.cpp.o] Error 1
make[1]: *** [CMakeFiles/combi_darknet_openface_node.dir/all] Error 2
make: *** [all] Error 2
