[01m[K/root/catkin_ws/src/combi_darknet_openface/src/combi_darknet_openface_node.cpp:[m[K In member function '[01m[Kvoid CombiDarknetOpenface::Calculate_TimeUse(double)[m[K':
[01m[K/root/catkin_ws/src/combi_darknet_openface/src/combi_darknet_openface_node.cpp:835:13:[m[K [01;31m[Kerror: [m[K'[01m[Knose_end_point2D[m[K' was not declared in this scope
             nose_end_point2D.clear();
[01;32m[K             ^[m[K
[01m[K/root/catkin_ws/src/combi_darknet_openface/src/combi_darknet_openface_node.cpp:836:13:[m[K [01;31m[Kerror: [m[K'[01m[Knose_end_point3D[m[K' was not declared in this scope
             nose_end_point3D.clear();
[01;32m[K             ^[m[K
[01m[K/root/catkin_ws/src/combi_darknet_openface/src/combi_darknet_openface_node.cpp:[m[K At global scope:
[01m[K/root/catkin_ws/src/combi_darknet_openface/src/combi_darknet_openface_node.cpp:1929:65:[m[K [01;31m[Kerror: [m[Kdeclaration of '[01m[Kvoid CombiDarknetOpenface::ChangeViewPoint(double)[m[K' outside of class is not definition [-fpermissive]
 void CombiDarknetOpenface::ChangeViewPoint(double currenttimesec);
[01;32m[K                                                                 ^[m[K
[01m[K/root/catkin_ws/src/combi_darknet_openface/src/combi_darknet_openface_node.cpp:1930:1:[m[K [01;31m[Kerror: [m[Kexpected unqualified-id before '[01m[K{[m[K' token
 {
[01;32m[K ^[m[K
make[2]: *** [CMakeFiles/combi_darknet_openface_node.dir/src/combi_darknet_openface_node.cpp.o] Error 1
make[1]: *** [CMakeFiles/combi_darknet_openface_node.dir/all] Error 2
make: *** [all] Error 2
