<?xml version="1.0" encoding="utf-8"?>
<testsuite errors="0" failures="0" name="unittest.suite.TestSuite" tests="1" time="42.040"><testcase classname="rostest.runner.RosTest" name="testdarknet_ros_object_detection" time="42.0400" /><system-out>&lt;![CDATA[
[ROSTEST]setup[/root/catkin_ws/src/darknet_ros/darknet_ros/test/object_detection.test] run_id[3950e0ea-bedf-11e7-b4c7-0242ac140002] starting
&amp;#x001B;[1mstarted roslaunch server http://bbdf3fad0a3b:38735/&amp;#x001B;[0m

SUMMARY
========

PARAMETERS
 * /darknet_ros/actions/camera_reading/name: /darknet_ros/chec...
 * /darknet_ros/config_path: /root/catkin_ws/s...
 * /darknet_ros/image_view/enable_console_output: False
 * /darknet_ros/image_view/enable_opencv: True
 * /darknet_ros/image_view/use_darknet: False
 * /darknet_ros/image_view/wait_key_delay: 600
 * /darknet_ros/publishers/bounding_boxes/latch: False
 * /darknet_ros/publishers/bounding_boxes/queue_size: 1
 * /darknet_ros/publishers/bounding_boxes/topic: /darknet_ros/boun...
 * /darknet_ros/publishers/detection_image/latch: True
 * /darknet_ros/publishers/detection_image/queue_size: 1
 * /darknet_ros/publishers/detection_image/topic: /darknet_ros/dete...
 * /darknet_ros/publishers/object_detector/latch: False
 * /darknet_ros/publishers/object_detector/queue_size: 1
 * /darknet_ros/publishers/object_detector/topic: /darknet_ros/foun...
 * /darknet_ros/subscribers/camera_reading/queue_size: 1
 * /darknet_ros/subscribers/camera_reading/topic: /camera/rgb/image...
 * /darknet_ros/weights_path: /root/catkin_ws/s...
 * /darknet_ros/yolo_model/config_file/name: yolo-voc.cfg
 * /darknet_ros/yolo_model/detection_classes/names: ['aeroplane', 'bi...
 * /darknet_ros/yolo_model/threshold/value: 0.5
 * /darknet_ros/yolo_model/weight_file/name: yolo-voc.weights
 * /rosdistro: kinetic
 * /rosversion: 1.12.7

NODES
  /
    darknet_ros (darknet_ros/darknet_ros)

[ROSTEST]setup[/root/catkin_ws/src/darknet_ros/darknet_ros/test/object_detection.test] run_id[3950e0ea-bedf-11e7-b4c7-0242ac140002] done
[ROSTEST]Running test [darknet_ros_object_detection]
&amp;#x001B;[1mROS_MASTER_URI=http://bbdf3fad0a3b:45833/&amp;#x001B;[0m
&amp;#x001B;[1msetting /run_id to 3950e0ea-bedf-11e7-b4c7-0242ac140002&amp;#x001B;[0m
&amp;#x001B;[1mprocess[rosout-1]: started with pid [3787]&amp;#x001B;[0m
started core service [/rosout]
&amp;#x001B;[1mprocess[darknet_ros-2]: started with pid [3790]&amp;#x001B;[0m
[ROSTEST]running test darknet_ros_object_detection
&amp;#x001B;[1mprocess[darknet_ros_object_detection-3]: started with pid [3791]&amp;#x001B;[0m
[ROSTEST]test [darknet_ros_object_detection] finished
[ROSTEST]test [darknet_ros_object_detection] results are in [/root/catkin_ws/build/darknet_ros/test_results/darknet_ros/rosunit-darknet_ros_object_detection.xml]
[ROSTEST]test [darknet_ros_object_detection] results summary: 0 errors, 2 failures, 2 tests
[ROSTEST][ROSTEST] test [darknet_ros_object_detection] done
[ROSTEST]tearDown[/root/catkin_ws/src/darknet_ros/darknet_ros/test/object_detection.test]
shutting down processing monitor...
[rosout-1] killing on exit
... shutting down processing monitor complete
[ROSTEST]rostest teardown /root/catkin_ws/src/darknet_ros/darknet_ros/test/object_detection.test complete

]]&gt;</system-out><system-err>&lt;![CDATA[
&amp;#x001B;[31m[darknet_ros-2] process has died [pid 3790, exit code 255, cmd /root/catkin_ws/devel/.private/darknet_ros/lib/darknet_ros/darknet_ros __name:=darknet_ros __log:=/root/.ros/log/3950e0ea-bedf-11e7-b4c7-0242ac140002/darknet_ros-2.log].
log file: /root/.ros/log/3950e0ea-bedf-11e7-b4c7-0242ac140002/darknet_ros-2*.log&amp;#x001B;[0m
&amp;#x001B;[31m[darknet_ros_object_detection-3] process has died [pid 3791, exit code 1, cmd /root/catkin_ws/devel/.private/darknet_ros/lib/darknet_ros/darknet_ros_object_detection-test --gtest_output=xml:/root/catkin_ws/build/darknet_ros/test_results/darknet_ros/rosunit-darknet_ros_object_detection.xml __name:=darknet_ros_object_detection __log:=/root/.ros/log/3950e0ea-bedf-11e7-b4c7-0242ac140002/darknet_ros_object_detection-3.log].
log file: /root/.ros/log/3950e0ea-bedf-11e7-b4c7-0242ac140002/darknet_ros_object_detection-3*.log&amp;#x001B;[0m

]]&gt;</system-err></testsuite>