<?xml version="1.0" encoding="UTF-8"?>
<testsuites tests="2" failures="2" disabled="0" errors="0" timestamp="2017-11-01T08:32:41" time="40.55" name="AllTests">
  <testsuite name="ObjectDetection" tests="2" failures="2" disabled="0" errors="0" time="40.55">
    <testcase name="DetectDog" status="run" time="20.319" classname="ObjectDetection">
      <failure message="/root/catkin_ws/src/darknet_ros/darknet_ros/test/ObjectDetection.cpp:115&#x0A;Value of: sendImageToYolo(nodeHandle, &quot;dog&quot;)&#x0A;  Actual: false&#x0A;Expected: true" type=""><![CDATA[/root/catkin_ws/src/darknet_ros/darknet_ros/test/ObjectDetection.cpp:115
Value of: sendImageToYolo(nodeHandle, "dog")
  Actual: false
Expected: true]]></failure>
    </testcase>
    <testcase name="DetectPerson" status="run" time="20.231" classname="ObjectDetection">
      <failure message="/root/catkin_ws/src/darknet_ros/darknet_ros/test/ObjectDetection.cpp:160&#x0A;Value of: sendImageToYolo(nodeHandle, &quot;person&quot;)&#x0A;  Actual: false&#x0A;Expected: true" type=""><![CDATA[/root/catkin_ws/src/darknet_ros/darknet_ros/test/ObjectDetection.cpp:160
Value of: sendImageToYolo(nodeHandle, "person")
  Actual: false
Expected: true]]></failure>
    </testcase>
  </testsuite>
</testsuites>
