/usr/bin/cmake -H/root/catkin_ws/src/darknet_ros/darknet_ros -B/root/catkin_ws/build/darknet_ros --check-build-system CMakeFiles/Makefile.cmake 0
/usr/bin/make -f CMakeFiles/Makefile2 run_tests
make[1]: Entering directory '/root/catkin_ws/build/darknet_ros'
/usr/bin/cmake -H/root/catkin_ws/src/darknet_ros/darknet_ros -B/root/catkin_ws/build/darknet_ros --check-build-system CMakeFiles/Makefile.cmake 0
/usr/bin/cmake -E cmake_progress_start /root/catkin_ws/build/darknet_ros/CMakeFiles 5
/usr/bin/make -f CMakeFiles/Makefile2 CMakeFiles/run_tests.dir/all
make[2]: Entering directory '/root/catkin_ws/build/darknet_ros'
/usr/bin/make -f gtest/CMakeFiles/gtest.dir/build.make gtest/CMakeFiles/gtest.dir/depend
/usr/bin/make -f CMakeFiles/clean_test_results_darknet_ros.dir/build.make CMakeFiles/clean_test_results_darknet_ros.dir/depend
make[3]: Entering directory '/root/catkin_ws/build/darknet_ros'
cd /root/catkin_ws/build/darknet_ros && /usr/bin/cmake -E cmake_depends "Unix Makefiles" /root/catkin_ws/src/darknet_ros/darknet_ros /root/catkin_ws/src/darknet_ros/darknet_ros /root/catkin_ws/build/darknet_ros /root/catkin_ws/build/darknet_ros /root/catkin_ws/build/darknet_ros/CMakeFiles/clean_test_results_darknet_ros.dir/DependInfo.cmake --color=
make[3]: Entering directory '/root/catkin_ws/build/darknet_ros'
cd /root/catkin_ws/build/darknet_ros && /usr/bin/cmake -E cmake_depends "Unix Makefiles" /root/catkin_ws/src/darknet_ros/darknet_ros /usr/src/gtest /root/catkin_ws/build/darknet_ros /root/catkin_ws/build/darknet_ros/gtest /root/catkin_ws/build/darknet_ros/gtest/CMakeFiles/gtest.dir/DependInfo.cmake --color=
Dependee "/root/catkin_ws/build/darknet_ros/gtest/CMakeFiles/gtest.dir/DependInfo.cmake" is newer than depender "/root/catkin_ws/build/darknet_ros/gtest/CMakeFiles/gtest.dir/depend.internal".
Dependee "/root/catkin_ws/build/darknet_ros/gtest/CMakeFiles/CMakeDirectoryInformation.cmake" is newer than depender "/root/catkin_ws/build/darknet_ros/gtest/CMakeFiles/gtest.dir/depend.internal".
[35m[1mScanning dependencies of target gtest[0m
Dependee "/root/catkin_ws/build/darknet_ros/CMakeFiles/clean_test_results_darknet_ros.dir/DependInfo.cmake" is newer than depender "/root/catkin_ws/build/darknet_ros/CMakeFiles/clean_test_results_darknet_ros.dir/depend.internal".
Dependee "/root/catkin_ws/build/darknet_ros/CMakeFiles/CMakeDirectoryInformation.cmake" is newer than depender "/root/catkin_ws/build/darknet_ros/CMakeFiles/clean_test_results_darknet_ros.dir/depend.internal".
[35m[1mScanning dependencies of target clean_test_results_darknet_ros[0m
make[3]: Leaving directory '/root/catkin_ws/build/darknet_ros'
/usr/bin/make -f CMakeFiles/clean_test_results_darknet_ros.dir/build.make CMakeFiles/clean_test_results_darknet_ros.dir/build
make[3]: Entering directory '/root/catkin_ws/build/darknet_ros'
/usr/bin/python /opt/ros/kinetic/share/catkin/cmake/test/remove_test_results.py /root/catkin_ws/build/darknet_ros/test_results/darknet_ros
make[3]: Leaving directory '/root/catkin_ws/build/darknet_ros'
/usr/bin/make -f gtest/CMakeFiles/gtest.dir/build.make gtest/CMakeFiles/gtest.dir/build
make[3]: Entering directory '/root/catkin_ws/build/darknet_ros'
[ 20%] [32mBuilding CXX object gtest/CMakeFiles/gtest.dir/src/gtest-all.cc.o[0m
cd /root/catkin_ws/build/darknet_ros/gtest && /usr/bin/c++   -DDARKNET_FILE_PATH=\"/root/catkin_ws/src/darknet_ros/darknet\" -DGPU -DGTEST_CREATE_SHARED_LIBRARY=1 -Dgtest_EXPORTS -I/usr/src/gtest/include -I/usr/src/gtest  -std=c++11  -O3 -DNDEBUG -fPIC   -std=c++11  -Wall -Wshadow -DGTEST_HAS_PTHREAD=1 -fexceptions -Wextra -Wno-unused-parameter -Wno-missing-field-initializers -o CMakeFiles/gtest.dir/src/gtest-all.cc.o -c /usr/src/gtest/src/gtest-all.cc
Removing test result files from '/root/catkin_ws/build/darknet_ros/test_results/darknet_ros'
make[3]: Leaving directory '/root/catkin_ws/build/darknet_ros'
[ 20%] Built target clean_test_results_darknet_ros
[ 40%] [32m[1mLinking CXX shared library libgtest.so[0m
cd /root/catkin_ws/build/darknet_ros/gtest && /usr/bin/cmake -E cmake_link_script CMakeFiles/gtest.dir/link.txt --verbose=1
/usr/bin/c++  -fPIC -std=c++11  -O3 -DNDEBUG  -shared -Wl,-soname,libgtest.so -o libgtest.so CMakeFiles/gtest.dir/src/gtest-all.cc.o  -L/root/catkin_ws/build/darknet_ros/gtest/src -lSM -lICE -lX11 -lXext -lpthread -Wl,-rpath,/root/catkin_ws/build/darknet_ros/gtest/src 
make[3]: Leaving directory '/root/catkin_ws/build/darknet_ros'
[ 40%] Built target gtest
/usr/bin/make -f CMakeFiles/darknet_ros_object_detection-test.dir/build.make CMakeFiles/darknet_ros_object_detection-test.dir/depend
make[3]: Entering directory '/root/catkin_ws/build/darknet_ros'
cd /root/catkin_ws/build/darknet_ros && /usr/bin/cmake -E cmake_depends "Unix Makefiles" /root/catkin_ws/src/darknet_ros/darknet_ros /root/catkin_ws/src/darknet_ros/darknet_ros /root/catkin_ws/build/darknet_ros /root/catkin_ws/build/darknet_ros /root/catkin_ws/build/darknet_ros/CMakeFiles/darknet_ros_object_detection-test.dir/DependInfo.cmake --color=
Dependee "/root/catkin_ws/build/darknet_ros/CMakeFiles/darknet_ros_object_detection-test.dir/DependInfo.cmake" is newer than depender "/root/catkin_ws/build/darknet_ros/CMakeFiles/darknet_ros_object_detection-test.dir/depend.internal".
Dependee "/root/catkin_ws/build/darknet_ros/CMakeFiles/CMakeDirectoryInformation.cmake" is newer than depender "/root/catkin_ws/build/darknet_ros/CMakeFiles/darknet_ros_object_detection-test.dir/depend.internal".
[35m[1mScanning dependencies of target darknet_ros_object_detection-test[0m
make[3]: Leaving directory '/root/catkin_ws/build/darknet_ros'
/usr/bin/make -f CMakeFiles/darknet_ros_object_detection-test.dir/build.make CMakeFiles/darknet_ros_object_detection-test.dir/build
make[3]: Entering directory '/root/catkin_ws/build/darknet_ros'
[ 60%] [32mBuilding CXX object CMakeFiles/darknet_ros_object_detection-test.dir/test/test_main.cpp.o[0m
[ 80%] [32mBuilding CXX object CMakeFiles/darknet_ros_object_detection-test.dir/test/ObjectDetection.cpp.o[0m
/usr/bin/c++   -DDARKNET_FILE_PATH=\"/root/catkin_ws/src/darknet_ros/darknet\" -DGPU -DOPENCV -DROSCONSOLE_BACKEND_LOG4CXX -DROS_PACKAGE_NAME=\"darknet_ros\" -I/root/catkin_ws/src/darknet_ros/darknet/src -I/root/catkin_ws/src/darknet_ros/darknet/include -I/root/catkin_ws/src/darknet_ros/darknet_ros/include -I/root/catkin_ws/devel/.private/darknet_ros_msgs/include -I/opt/ros/kinetic/include -I/opt/ros/kinetic/include/opencv-3.2.0-dev -I/opt/ros/kinetic/include/opencv-3.2.0-dev/opencv -I/opt/ros/kinetic/share/xmlrpcpp/cmake/../../../include/xmlrpcpp -I/usr/local/cuda/include  -std=c++11  -O3 -DNDEBUG   -O4 -g -o CMakeFiles/darknet_ros_object_detection-test.dir/test/test_main.cpp.o -c /root/catkin_ws/src/darknet_ros/darknet_ros/test/test_main.cpp
/usr/bin/c++   -DDARKNET_FILE_PATH=\"/root/catkin_ws/src/darknet_ros/darknet\" -DGPU -DOPENCV -DROSCONSOLE_BACKEND_LOG4CXX -DROS_PACKAGE_NAME=\"darknet_ros\" -I/root/catkin_ws/src/darknet_ros/darknet/src -I/root/catkin_ws/src/darknet_ros/darknet/include -I/root/catkin_ws/src/darknet_ros/darknet_ros/include -I/root/catkin_ws/devel/.private/darknet_ros_msgs/include -I/opt/ros/kinetic/include -I/opt/ros/kinetic/include/opencv-3.2.0-dev -I/opt/ros/kinetic/include/opencv-3.2.0-dev/opencv -I/opt/ros/kinetic/share/xmlrpcpp/cmake/../../../include/xmlrpcpp -I/usr/local/cuda/include  -std=c++11  -O3 -DNDEBUG   -O4 -g -o CMakeFiles/darknet_ros_object_detection-test.dir/test/ObjectDetection.cpp.o -c /root/catkin_ws/src/darknet_ros/darknet_ros/test/ObjectDetection.cpp
[100%] [32m[1mLinking CXX executable /root/catkin_ws/devel/.private/darknet_ros/lib/darknet_ros/darknet_ros_object_detection-test[0m
/usr/bin/cmake -E cmake_link_script CMakeFiles/darknet_ros_object_detection-test.dir/link.txt --verbose=1
/usr/bin/c++   -std=c++11  -O3 -DNDEBUG   CMakeFiles/darknet_ros_object_detection-test.dir/test/test_main.cpp.o CMakeFiles/darknet_ros_object_detection-test.dir/test/ObjectDetection.cpp.o  -o /root/catkin_ws/devel/.private/darknet_ros/lib/darknet_ros/darknet_ros_object_detection-test  -L/usr/local/cuda/lib64 -rdynamic -lSM -lICE -lX11 -lXext gtest/libgtest.so /opt/ros/kinetic/lib/libcv_bridge.so /opt/ros/kinetic/lib/libopencv_calib3d3.so.3.2.0 /opt/ros/kinetic/lib/libopencv_core3.so.3.2.0 /opt/ros/kinetic/lib/libopencv_features2d3.so.3.2.0 /opt/ros/kinetic/lib/libopencv_flann3.so.3.2.0 /opt/ros/kinetic/lib/libopencv_highgui3.so.3.2.0 /opt/ros/kinetic/lib/libopencv_imgcodecs3.so.3.2.0 /opt/ros/kinetic/lib/libopencv_imgproc3.so.3.2.0 /opt/ros/kinetic/lib/libopencv_ml3.so.3.2.0 /opt/ros/kinetic/lib/libopencv_objdetect3.so.3.2.0 /opt/ros/kinetic/lib/libopencv_photo3.so.3.2.0 /opt/ros/kinetic/lib/libopencv_shape3.so.3.2.0 /opt/ros/kinetic/lib/libopencv_stitching3.so.3.2.0 /opt/ros/kinetic/lib/libopencv_superres3.so.3.2.0 /opt/ros/kinetic/lib/libopencv_video3.so.3.2.0 /opt/ros/kinetic/lib/libopencv_videoio3.so.3.2.0 /opt/ros/kinetic/lib/libopencv_videostab3.so.3.2.0 /opt/ros/kinetic/lib/libopencv_viz3.so.3.2.0 /opt/ros/kinetic/lib/libopencv_aruco3.so.3.2.0 /opt/ros/kinetic/lib/libopencv_bgsegm3.so.3.2.0 /opt/ros/kinetic/lib/libopencv_bioinspired3.so.3.2.0 /opt/ros/kinetic/lib/libopencv_ccalib3.so.3.2.0 /opt/ros/kinetic/lib/libopencv_cvv3.so.3.2.0 /opt/ros/kinetic/lib/libopencv_datasets3.so.3.2.0 /opt/ros/kinetic/lib/libopencv_dpm3.so.3.2.0 /opt/ros/kinetic/lib/libopencv_face3.so.3.2.0 /opt/ros/kinetic/lib/libopencv_fuzzy3.so.3.2.0 /opt/ros/kinetic/lib/libopencv_hdf3.so.3.2.0 /opt/ros/kinetic/lib/libopencv_line_descriptor3.so.3.2.0 /opt/ros/kinetic/lib/libopencv_optflow3.so.3.2.0 /opt/ros/kinetic/lib/libopencv_phase_unwrapping3.so.3.2.0 /opt/ros/kinetic/lib/libopencv_plot3.so.3.2.0 /opt/ros/kinetic/lib/libopencv_reg3.so.3.2.0 /opt/ros/kinetic/lib/libopencv_rgbd3.so.3.2.0 /opt/ros/kinetic/lib/libopencv_saliency3.so.3.2.0 /opt/ros/kinetic/lib/libopencv_stereo3.so.3.2.0 /opt/ros/kinetic/lib/libopencv_structured_light3.so.3.2.0 /opt/ros/kinetic/lib/libopencv_surface_matching3.so.3.2.0 /opt/ros/kinetic/lib/libopencv_text3.so.3.2.0 /opt/ros/kinetic/lib/libopencv_xfeatures2d3.so.3.2.0 /opt/ros/kinetic/lib/libopencv_ximgproc3.so.3.2.0 /opt/ros/kinetic/lib/libopencv_xobjdetect3.so.3.2.0 /opt/ros/kinetic/lib/libopencv_xphoto3.so.3.2.0 /opt/ros/kinetic/lib/libactionlib.so /opt/ros/kinetic/lib/libimage_transport.so /opt/ros/kinetic/lib/libmessage_filters.so /opt/ros/kinetic/lib/libclass_loader.so -lPocoFoundation -ldl /opt/ros/kinetic/lib/libroscpp.so -lboost_signals /opt/ros/kinetic/lib/librosconsole.so /opt/ros/kinetic/lib/librosconsole_log4cxx.so /opt/ros/kinetic/lib/librosconsole_backend_interface.so -llog4cxx -lboost_regex /opt/ros/kinetic/lib/libxmlrpcpp.so /opt/ros/kinetic/lib/libroslib.so /opt/ros/kinetic/lib/librospack.so -lpython2.7 -lboost_filesystem -lboost_program_options -ltinyxml /opt/ros/kinetic/lib/libroscpp_serialization.so /opt/ros/kinetic/lib/librostime.so /opt/ros/kinetic/lib/libcpp_common.so -lboost_system -lboost_thread -lboost_chrono -lboost_date_time -lboost_atomic -lpthread -lconsole_bridge -lSM -lICE -lX11 -lXext -lpthread -Wl,-rpath,/usr/local/cuda/lib64:/root/catkin_ws/build/darknet_ros/gtest:/opt/ros/kinetic/lib 
make[3]: Leaving directory '/root/catkin_ws/build/darknet_ros'
[100%] Built target darknet_ros_object_detection-test
/usr/bin/make -f CMakeFiles/tests.dir/build.make CMakeFiles/tests.dir/depend
make[3]: Entering directory '/root/catkin_ws/build/darknet_ros'
cd /root/catkin_ws/build/darknet_ros && /usr/bin/cmake -E cmake_depends "Unix Makefiles" /root/catkin_ws/src/darknet_ros/darknet_ros /root/catkin_ws/src/darknet_ros/darknet_ros /root/catkin_ws/build/darknet_ros /root/catkin_ws/build/darknet_ros /root/catkin_ws/build/darknet_ros/CMakeFiles/tests.dir/DependInfo.cmake --color=
Dependee "/root/catkin_ws/build/darknet_ros/CMakeFiles/tests.dir/DependInfo.cmake" is newer than depender "/root/catkin_ws/build/darknet_ros/CMakeFiles/tests.dir/depend.internal".
Dependee "/root/catkin_ws/build/darknet_ros/CMakeFiles/CMakeDirectoryInformation.cmake" is newer than depender "/root/catkin_ws/build/darknet_ros/CMakeFiles/tests.dir/depend.internal".
[35m[1mScanning dependencies of target tests[0m
make[3]: Leaving directory '/root/catkin_ws/build/darknet_ros'
/usr/bin/make -f CMakeFiles/tests.dir/build.make CMakeFiles/tests.dir/build
make[3]: Entering directory '/root/catkin_ws/build/darknet_ros'
make[3]: Nothing to be done for 'CMakeFiles/tests.dir/build'.
make[3]: Leaving directory '/root/catkin_ws/build/darknet_ros'
[100%] Built target tests
/usr/bin/make -f CMakeFiles/_run_tests_darknet_ros_rostest_test_object_detection.test.dir/build.make CMakeFiles/_run_tests_darknet_ros_rostest_test_object_detection.test.dir/depend
make[3]: Entering directory '/root/catkin_ws/build/darknet_ros'
cd /root/catkin_ws/build/darknet_ros && /usr/bin/cmake -E cmake_depends "Unix Makefiles" /root/catkin_ws/src/darknet_ros/darknet_ros /root/catkin_ws/src/darknet_ros/darknet_ros /root/catkin_ws/build/darknet_ros /root/catkin_ws/build/darknet_ros /root/catkin_ws/build/darknet_ros/CMakeFiles/_run_tests_darknet_ros_rostest_test_object_detection.test.dir/DependInfo.cmake --color=
Dependee "/root/catkin_ws/build/darknet_ros/CMakeFiles/_run_tests_darknet_ros_rostest_test_object_detection.test.dir/DependInfo.cmake" is newer than depender "/root/catkin_ws/build/darknet_ros/CMakeFiles/_run_tests_darknet_ros_rostest_test_object_detection.test.dir/depend.internal".
Dependee "/root/catkin_ws/build/darknet_ros/CMakeFiles/CMakeDirectoryInformation.cmake" is newer than depender "/root/catkin_ws/build/darknet_ros/CMakeFiles/_run_tests_darknet_ros_rostest_test_object_detection.test.dir/depend.internal".
[35m[1mScanning dependencies of target _run_tests_darknet_ros_rostest_test_object_detection.test[0m
make[3]: Leaving directory '/root/catkin_ws/build/darknet_ros'
/usr/bin/make -f CMakeFiles/_run_tests_darknet_ros_rostest_test_object_detection.test.dir/build.make CMakeFiles/_run_tests_darknet_ros_rostest_test_object_detection.test.dir/build
make[3]: Entering directory '/root/catkin_ws/build/darknet_ros'
catkin_generated/env_cached.sh /usr/bin/python /opt/ros/kinetic/share/catkin/cmake/test/run_tests.py /root/catkin_ws/build/darknet_ros/test_results/darknet_ros/rostest-test_object_detection.xml /opt/ros/kinetic/share/rostest/cmake/../../../bin/rostest\ --pkgdir=/root/catkin_ws/src/darknet_ros/darknet_ros\ --package=darknet_ros\ --results-filename\ test_object_detection.xml\ --results-base-dir\ "/root/catkin_ws/build/darknet_ros/test_results"\ /root/catkin_ws/src/darknet_ros/darknet_ros/test/object_detection.test\ 
-- run_tests.py: execute commands
  /opt/ros/kinetic/share/rostest/cmake/../../../bin/rostest --pkgdir=/root/catkin_ws/src/darknet_ros/darknet_ros --package=darknet_ros --results-filename test_object_detection.xml --results-base-dir /root/catkin_ws/build/darknet_ros/test_results /root/catkin_ws/src/darknet_ros/darknet_ros/test/object_detection.test 
... logging to /root/.ros/log/rostest-bbdf3fad0a3b-3767.log
[ROSUNIT] Outputting test results to /root/catkin_ws/build/darknet_ros/test_results/darknet_ros/rostest-test_object_detection.xml
[0m[ INFO] [1509525162.357289606]: [YoloObjectDetector] Node started.[0m
[0m[ INFO] [1509525162.435846481]: [YoloObjectDetector] Xserver is running.[0m
[0m[ INFO] [1509525162.437482635]: [YoloObjectDetector] init().[0m
YOLO_V2
layer     filters    size              input                output
CUDA Error: all CUDA-capable devices are busy or unavailable
    0 CUDA Error: all CUDA-capable devices are busy or unavailable: No such file or directory
testdarknet_ros_object_detection ... ok

[ROSTEST]-----------------------------------------------------------------------

[darknet_ros.rosunit-darknet_ros_object_detection/DetectDog][FAILURE]-----------
/root/catkin_ws/src/darknet_ros/darknet_ros/test/ObjectDetection.cpp:115
Value of: sendImageToYolo(nodeHandle, "dog")
  Actual: false
Expected: true
--------------------------------------------------------------------------------

[darknet_ros.rosunit-darknet_ros_object_detection/DetectPerson][FAILURE]--------
/root/catkin_ws/src/darknet_ros/darknet_ros/test/ObjectDetection.cpp:160
Value of: sendImageToYolo(nodeHandle, "person")
  Actual: false
Expected: true
--------------------------------------------------------------------------------


SUMMARY
[1;31m * RESULT: FAIL[0m
 * TESTS: 2
 * ERRORS: 0
[1;31m * FAILURES: 2[0m

rostest log file is in /root/.ros/log/rostest-bbdf3fad0a3b-3767.log
-- run_tests.py: verify result "/root/catkin_ws/build/darknet_ros/test_results/darknet_ros/rostest-test_object_detection.xml"
make[3]: Leaving directory '/root/catkin_ws/build/darknet_ros'
[100%] Built target _run_tests_darknet_ros_rostest_test_object_detection.test
/usr/bin/make -f CMakeFiles/_run_tests_darknet_ros_rostest.dir/build.make CMakeFiles/_run_tests_darknet_ros_rostest.dir/depend
make[3]: Entering directory '/root/catkin_ws/build/darknet_ros'
cd /root/catkin_ws/build/darknet_ros && /usr/bin/cmake -E cmake_depends "Unix Makefiles" /root/catkin_ws/src/darknet_ros/darknet_ros /root/catkin_ws/src/darknet_ros/darknet_ros /root/catkin_ws/build/darknet_ros /root/catkin_ws/build/darknet_ros /root/catkin_ws/build/darknet_ros/CMakeFiles/_run_tests_darknet_ros_rostest.dir/DependInfo.cmake --color=
Dependee "/root/catkin_ws/build/darknet_ros/CMakeFiles/_run_tests_darknet_ros_rostest.dir/DependInfo.cmake" is newer than depender "/root/catkin_ws/build/darknet_ros/CMakeFiles/_run_tests_darknet_ros_rostest.dir/depend.internal".
Dependee "/root/catkin_ws/build/darknet_ros/CMakeFiles/CMakeDirectoryInformation.cmake" is newer than depender "/root/catkin_ws/build/darknet_ros/CMakeFiles/_run_tests_darknet_ros_rostest.dir/depend.internal".
[35m[1mScanning dependencies of target _run_tests_darknet_ros_rostest[0m
make[3]: Leaving directory '/root/catkin_ws/build/darknet_ros'
/usr/bin/make -f CMakeFiles/_run_tests_darknet_ros_rostest.dir/build.make CMakeFiles/_run_tests_darknet_ros_rostest.dir/build
make[3]: Entering directory '/root/catkin_ws/build/darknet_ros'
make[3]: Nothing to be done for 'CMakeFiles/_run_tests_darknet_ros_rostest.dir/build'.
make[3]: Leaving directory '/root/catkin_ws/build/darknet_ros'
[100%] Built target _run_tests_darknet_ros_rostest
/usr/bin/make -f CMakeFiles/_run_tests_darknet_ros.dir/build.make CMakeFiles/_run_tests_darknet_ros.dir/depend
make[3]: Entering directory '/root/catkin_ws/build/darknet_ros'
cd /root/catkin_ws/build/darknet_ros && /usr/bin/cmake -E cmake_depends "Unix Makefiles" /root/catkin_ws/src/darknet_ros/darknet_ros /root/catkin_ws/src/darknet_ros/darknet_ros /root/catkin_ws/build/darknet_ros /root/catkin_ws/build/darknet_ros /root/catkin_ws/build/darknet_ros/CMakeFiles/_run_tests_darknet_ros.dir/DependInfo.cmake --color=
Dependee "/root/catkin_ws/build/darknet_ros/CMakeFiles/_run_tests_darknet_ros.dir/DependInfo.cmake" is newer than depender "/root/catkin_ws/build/darknet_ros/CMakeFiles/_run_tests_darknet_ros.dir/depend.internal".
Dependee "/root/catkin_ws/build/darknet_ros/CMakeFiles/CMakeDirectoryInformation.cmake" is newer than depender "/root/catkin_ws/build/darknet_ros/CMakeFiles/_run_tests_darknet_ros.dir/depend.internal".
[35m[1mScanning dependencies of target _run_tests_darknet_ros[0m
make[3]: Leaving directory '/root/catkin_ws/build/darknet_ros'
/usr/bin/make -f CMakeFiles/_run_tests_darknet_ros.dir/build.make CMakeFiles/_run_tests_darknet_ros.dir/build
make[3]: Entering directory '/root/catkin_ws/build/darknet_ros'
make[3]: Nothing to be done for 'CMakeFiles/_run_tests_darknet_ros.dir/build'.
make[3]: Leaving directory '/root/catkin_ws/build/darknet_ros'
[100%] Built target _run_tests_darknet_ros
/usr/bin/make -f CMakeFiles/run_tests.dir/build.make CMakeFiles/run_tests.dir/depend
make[3]: Entering directory '/root/catkin_ws/build/darknet_ros'
cd /root/catkin_ws/build/darknet_ros && /usr/bin/cmake -E cmake_depends "Unix Makefiles" /root/catkin_ws/src/darknet_ros/darknet_ros /root/catkin_ws/src/darknet_ros/darknet_ros /root/catkin_ws/build/darknet_ros /root/catkin_ws/build/darknet_ros /root/catkin_ws/build/darknet_ros/CMakeFiles/run_tests.dir/DependInfo.cmake --color=
Dependee "/root/catkin_ws/build/darknet_ros/CMakeFiles/run_tests.dir/DependInfo.cmake" is newer than depender "/root/catkin_ws/build/darknet_ros/CMakeFiles/run_tests.dir/depend.internal".
Dependee "/root/catkin_ws/build/darknet_ros/CMakeFiles/CMakeDirectoryInformation.cmake" is newer than depender "/root/catkin_ws/build/darknet_ros/CMakeFiles/run_tests.dir/depend.internal".
[35m[1mScanning dependencies of target run_tests[0m
make[3]: Leaving directory '/root/catkin_ws/build/darknet_ros'
/usr/bin/make -f CMakeFiles/run_tests.dir/build.make CMakeFiles/run_tests.dir/build
make[3]: Entering directory '/root/catkin_ws/build/darknet_ros'
make[3]: Nothing to be done for 'CMakeFiles/run_tests.dir/build'.
make[3]: Leaving directory '/root/catkin_ws/build/darknet_ros'
[100%] Built target run_tests
make[2]: Leaving directory '/root/catkin_ws/build/darknet_ros'
/usr/bin/cmake -E cmake_progress_start /root/catkin_ws/build/darknet_ros/CMakeFiles 0
make[1]: Leaving directory '/root/catkin_ws/build/darknet_ros'
