[  2%] [34m[1mBuilding NVCC (Device) object CMakeFiles/darknet_ros.dir/__/darknet/src/darknet_ros_generated_deconvolutional_kernels.cu.o[0m
[  6%] [34m[1mBuilding NVCC (Device) object CMakeFiles/darknet_ros.dir/__/darknet/src/darknet_ros_generated_dropout_layer_kernels.cu.o[0m
[  7%] [34m[1mBuilding NVCC (Device) object CMakeFiles/darknet_ros.dir/__/darknet/src/darknet_ros_generated_blas_kernels.cu.o[0m
[  9%] [34m[1mBuilding NVCC (Device) object CMakeFiles/darknet_ros.dir/__/darknet/src/darknet_ros_generated_im2col_kernels.cu.o[0m
[  2%] [34m[1mBuilding NVCC (Device) object CMakeFiles/darknet_ros.dir/__/darknet/src/darknet_ros_generated_crop_layer_kernels.cu.o[0m
[  5%] [34m[1mBuilding NVCC (Device) object CMakeFiles/darknet_ros.dir/__/darknet/src/darknet_ros_generated_avgpool_layer_kernels.cu.o[0m
[  5%] [34m[1mBuilding NVCC (Device) object CMakeFiles/darknet_ros.dir/__/darknet/src/darknet_ros_generated_activation_kernels.cu.o[0m
[ 10%] [34m[1mBuilding NVCC (Device) object CMakeFiles/darknet_ros.dir/__/darknet/src/darknet_ros_generated_col2im_kernels.cu.o[0m
nvcc fatal   : redefinition of argument 'std'
nvcc fatal   : redefinition of argument 'std'
nvcc fatal   : redefinition of argument 'std'
nvcc fatal   : redefinition of argument 'std'
nvcc fatal   : redefinition of argument 'std'
nvcc fatal   : redefinition of argument 'std'
nvcc fatal   : redefinition of argument 'std'
CMake Error at darknet_ros_generated_dropout_layer_kernels.cu.o.cmake:207 (message):
  Error generating
  /root/catkin_ws/build/darknet_ros/CMakeFiles/darknet_ros.dir/__/darknet/src/./darknet_ros_generated_dropout_layer_kernels.cu.o

CMake Error at darknet_ros_generated_crop_layer_kernels.cu.o.cmake:207 (message):
  Error generating
  /root/catkin_ws/build/darknet_ros/CMakeFiles/darknet_ros.dir/__/darknet/src/./darknet_ros_generated_crop_layer_kernels.cu.o

CMake Error at darknet_ros_generated_activation_kernels.cu.o.cmake:207 (message):
  Error generating
  /root/catkin_ws/build/darknet_ros/CMakeFiles/darknet_ros.dir/__/darknet/src/./darknet_ros_generated_activation_kernels.cu.o

CMake Error at darknet_ros_generated_blas_kernels.cu.o.cmake:207 (message):
  Error generating
  /root/catkin_ws/build/darknet_ros/CMakeFiles/darknet_ros.dir/__/darknet/src/./darknet_ros_generated_blas_kernels.cu.o


CMake Error at darknet_ros_generated_avgpool_layer_kernels.cu.o.cmake:207 (message):
  Error generating
  /root/catkin_ws/build/darknet_ros/CMakeFiles/darknet_ros.dir/__/darknet/src/./darknet_ros_generated_avgpool_layer_kernels.cu.o

CMake Error at darknet_ros_generated_deconvolutional_kernels.cu.o.cmake:207 (message):
  Error generating
  /root/catkin_ws/build/darknet_ros/CMakeFiles/darknet_ros.dir/__/darknet/src/./darknet_ros_generated_deconvolutional_kernels.cu.o





CMake Error at darknet_ros_generated_im2col_kernels.cu.o.cmake:207 (message):
  Error generating
  /root/catkin_ws/build/darknet_ros/CMakeFiles/darknet_ros.dir/__/darknet/src/./darknet_ros_generated_im2col_kernels.cu.o


nvcc fatal   : redefinition of argument 'std'
CMake Error at darknet_ros_generated_col2im_kernels.cu.o.cmake:207 (message):
  Error generating
  /root/catkin_ws/build/darknet_ros/CMakeFiles/darknet_ros.dir/__/darknet/src/./darknet_ros_generated_col2im_kernels.cu.o



make[2]: *** [CMakeFiles/darknet_ros.dir/__/darknet/src/darknet_ros_generated_deconvolutional_kernels.cu.o] Error 1
make[2]: *** Waiting for unfinished jobs....
make[2]: *** [CMakeFiles/darknet_ros.dir/__/darknet/src/darknet_ros_generated_dropout_layer_kernels.cu.o] Error 1
make[2]: *** [CMakeFiles/darknet_ros.dir/__/darknet/src/darknet_ros_generated_blas_kernels.cu.o] Error 1
CMakeFiles/darknet_ros.dir/build.make:70: recipe for target 'CMakeFiles/darknet_ros.dir/__/darknet/src/darknet_ros_generated_deconvolutional_kernels.cu.o' failed
CMakeFiles/darknet_ros.dir/build.make:84: recipe for target 'CMakeFiles/darknet_ros.dir/__/darknet/src/darknet_ros_generated_dropout_layer_kernels.cu.o' failed
CMakeFiles/darknet_ros.dir/build.make:91: recipe for target 'CMakeFiles/darknet_ros.dir/__/darknet/src/darknet_ros_generated_blas_kernels.cu.o' failed
CMakeFiles/darknet_ros.dir/build.make:98: recipe for target 'CMakeFiles/darknet_ros.dir/__/darknet/src/darknet_ros_generated_im2col_kernels.cu.o' failed
CMakeFiles/darknet_ros.dir/build.make:77: recipe for target 'CMakeFiles/darknet_ros.dir/__/darknet/src/darknet_ros_generated_avgpool_layer_kernels.cu.o' failed
CMakeFiles/darknet_ros.dir/build.make:133: recipe for target 'CMakeFiles/darknet_ros.dir/__/darknet/src/darknet_ros_generated_crop_layer_kernels.cu.o' failed
make[2]: *** [CMakeFiles/darknet_ros.dir/__/darknet/src/darknet_ros_generated_im2col_kernels.cu.o] Error 1
make[2]: *** [CMakeFiles/darknet_ros.dir/__/darknet/src/darknet_ros_generated_avgpool_layer_kernels.cu.o] Error 1
make[2]: *** [CMakeFiles/darknet_ros.dir/__/darknet/src/darknet_ros_generated_crop_layer_kernels.cu.o] Error 1
CMakeFiles/darknet_ros.dir/build.make:63: recipe for target 'CMakeFiles/darknet_ros.dir/__/darknet/src/darknet_ros_generated_activation_kernels.cu.o' failed
make[2]: *** [CMakeFiles/darknet_ros.dir/__/darknet/src/darknet_ros_generated_activation_kernels.cu.o] Error 1
CMakeFiles/darknet_ros.dir/build.make:105: recipe for target 'CMakeFiles/darknet_ros.dir/__/darknet/src/darknet_ros_generated_col2im_kernels.cu.o' failed
make[2]: *** [CMakeFiles/darknet_ros.dir/__/darknet/src/darknet_ros_generated_col2im_kernels.cu.o] Error 1
CMakeFiles/Makefile2:1349: recipe for target 'CMakeFiles/darknet_ros.dir/all' failed
make[1]: *** [CMakeFiles/darknet_ros.dir/all] Error 2
Makefile:138: recipe for target 'all' failed
make: *** [all] Error 2
