[01m[K/root/catkin_ws/src/test_headpose_estimate/src/test_headpose_estimate_node.cpp:[m[K In member function '[01m[Kvoid TestHeadposeEstimate::ModifyHeadOrientation()[m[K':
[01m[K/root/catkin_ws/src/test_headpose_estimate/src/test_headpose_estimate_node.cpp:348:31:[m[K [01;31m[Kerror: [m[K'[01m[Krotation_vector[m[K' was not declared in this scope
         lastrotation_vector = rotation_vector;
[01;32m[K                               ^[m[K
[01m[K/root/catkin_ws/src/test_headpose_estimate/src/test_headpose_estimate_node.cpp:349:34:[m[K [01;31m[Kerror: [m[K'[01m[Ktranslation_vector[m[K' was not declared in this scope
         lasttranslation_vector = translation_vector;
[01;32m[K                                  ^[m[K
[01m[K/root/catkin_ws/src/test_headpose_estimate/src/test_headpose_estimate_node.cpp:355:9:[m[K [01;31m[Kerror: [m[K'[01m[Kmodify_yaw_cnt[m[K' was not declared in this scope
         modify_yaw_cnt += 1;
[01;32m[K         ^[m[K
[01m[K/root/catkin_ws/src/test_headpose_estimate/src/test_headpose_estimate_node.cpp:360:9:[m[K [01;31m[Kerror: [m[K'[01m[Krotation_vector[m[K' was not declared in this scope
         rotation_vector = lastrotation_vector;
[01;32m[K         ^[m[K
[01m[K/root/catkin_ws/src/test_headpose_estimate/src/test_headpose_estimate_node.cpp:361:9:[m[K [01;31m[Kerror: [m[K'[01m[Ktranslation_vector[m[K' was not declared in this scope
         translation_vector = lasttranslation_vector;
[01;32m[K         ^[m[K
[01m[K/root/catkin_ws/src/test_headpose_estimate/src/test_headpose_estimate_node.cpp:366:31:[m[K [01;31m[Kerror: [m[K'[01m[Krotation_vector[m[K' was not declared in this scope
         lastrotation_vector = rotation_vector;
[01;32m[K                               ^[m[K
[01m[K/root/catkin_ws/src/test_headpose_estimate/src/test_headpose_estimate_node.cpp:367:34:[m[K [01;31m[Kerror: [m[K'[01m[Ktranslation_vector[m[K' was not declared in this scope
         lasttranslation_vector = translation_vector;   
[01;32m[K                                  ^[m[K
make[2]: *** [CMakeFiles/test_headpose_estimate_node.dir/src/test_headpose_estimate_node.cpp.o] Error 1
make[1]: *** [CMakeFiles/test_headpose_estimate_node.dir/all] Error 2
make: *** [all] Error 2
