[01m[K/root/catkin_ws/src/test_headpose_estimate/src/test_headpose_estimate_node.cpp:[m[K In member function '[01m[Kvoid TestHeadposeEstimate::ModifyHeadOrientation()[m[K':
[01m[K/root/catkin_ws/src/test_headpose_estimate/src/test_headpose_estimate_node.cpp:405:50:[m[K [01;31m[Kerror: [m[K'[01m[Ktranslation_value[m[K' was not declared in this scope
             translation_vector.at<double>(0,i) = translation_value.at(i);
[01;32m[K                                                  ^[m[K
make[2]: *** [CMakeFiles/test_headpose_estimate_node.dir/src/test_headpose_estimate_node.cpp.o] Error 1
make[1]: *** [CMakeFiles/test_headpose_estimate_node.dir/all] Error 2
make: *** [all] Error 2
