[01m[K/root/catkin_ws/src/test_headpose_estimate/src/test_headpose_estimate_node.cpp:[m[K In member function '[01m[Kvoid TestHeadposeEstimate::msgCallback_FaceRecognition(const ConstPtr&)[m[K':
[01m[K/root/catkin_ws/src/test_headpose_estimate/src/test_headpose_estimate_node.cpp:237:21:[m[K [01;31m[Kerror: [m[Kredeclaration of '[01m[Kcv::Mat rotation_matrix[m[K'
             cv::Mat rotation_matrix  = cv::Mat::zeros(3, 3, CV_64FC1); // Rotation in axis-angle form
[01;32m[K                     ^[m[K
[01m[K/root/catkin_ws/src/test_headpose_estimate/src/test_headpose_estimate_node.cpp:197:21:[m[K [01;36m[Knote: [m[K'[01m[Kcv::Mat rotation_matrix[m[K' previously declared here
             cv::Mat rotation_matrix  = cv::Mat::zeros(3, 3, CV_64FC1); // Rotation in axis-angle form
[01;32m[K                     ^[m[K
[01m[K/root/catkin_ws/src/test_headpose_estimate/src/test_headpose_estimate_node.cpp:[m[K In member function '[01m[Kvoid TestHeadposeEstimate::ModifyHeadOrientation()[m[K':
[01m[K/root/catkin_ws/src/test_headpose_estimate/src/test_headpose_estimate_node.cpp:362:9:[m[K [01;31m[Kerror: [m[K'[01m[Kmodify_yaw_cnt[m[K' was not declared in this scope
         modify_yaw_cnt += 1;
[01;32m[K         ^[m[K
make[2]: *** [CMakeFiles/test_headpose_estimate_node.dir/src/test_headpose_estimate_node.cpp.o] Error 1
make[1]: *** [CMakeFiles/test_headpose_estimate_node.dir/all] Error 2
make: *** [all] Error 2
