[01m[K/root/catkin_ws/src/test_headpose_estimate/src/test_headpose_estimate_node.cpp:[m[K In function '[01m[Kint main(int, char**)[m[K':
[01m[K/root/catkin_ws/src/test_headpose_estimate/src/test_headpose_estimate_node.cpp:418:5:[m[K [01;31m[Kerror: [m[Kexpected primary-expression before '[01m[K<<[m[K' token
     <<"time"<<","
[01;32m[K     ^[m[K
make[2]: *** [CMakeFiles/test_headpose_estimate_node.dir/src/test_headpose_estimate_node.cpp.o] Error 1
make[1]: *** [CMakeFiles/test_headpose_estimate_node.dir/all] Error 2
make: *** [all] Error 2
