[  0%] Built target geometry_msgs_generate_messages_nodejs
[  0%] Built target geometry_msgs_generate_messages_cpp
[  0%] Built target std_msgs_generate_messages_cpp
[  0%] Built target actionlib_msgs_generate_messages_lisp
[  0%] Built target std_msgs_generate_messages_eus
[  0%] Built target geometry_msgs_generate_messages_eus
[  0%] Built target darknet_ros_msgs_generate_messages_nodejs
[  0%] Built target std_msgs_generate_messages_nodejs
[  0%] Built target _test_headpose_estimate_generate_messages_check_deps_Faces
[  0%] Built target _test_headpose_estimate_generate_messages_check_deps_ActionUnit
[  0%] Built target darknet_ros_msgs_generate_messages_py
[  0%] Built target darknet_ros_msgs_generate_messages_lisp
[  0%] Built target _test_headpose_estimate_generate_messages_check_deps_Face
[  0%] Built target geometry_msgs_generate_messages_lisp
[  0%] Built target tf2_msgs_generate_messages_lisp
[  0%] Built target tf2_msgs_generate_messages_cpp
[  0%] Built target darknet_ros_msgs_generate_messages_cpp
[  0%] Built target tf2_msgs_generate_messages_nodejs
[  0%] Built target tf2_msgs_generate_messages_eus
[  0%] Built target std_msgs_generate_messages_lisp
[  0%] Built target std_msgs_generate_messages_py
[  0%] Built target geometry_msgs_generate_messages_py
[  0%] Built target darknet_ros_msgs_generate_messages_eus
[  0%] Built target actionlib_msgs_generate_messages_py
[  0%] Built target roscpp_generate_messages_lisp
[  0%] Built target roscpp_generate_messages_nodejs
[  0%] Built target roscpp_generate_messages_cpp
[  0%] Built target sensor_msgs_generate_messages_nodejs
[  0%] Built target rosgraph_msgs_generate_messages_cpp
[  0%] Built target rosgraph_msgs_generate_messages_lisp
[  0%] Built target tf_generate_messages_eus
[  0%] Built target sensor_msgs_generate_messages_cpp
[  0%] Built target roscpp_generate_messages_eus
[  0%] Built target rosgraph_msgs_generate_messages_eus
[  0%] Built target _catkin_empty_exported_target
[  0%] Built target actionlib_generate_messages_eus
[  0%] Built target sensor_msgs_generate_messages_lisp
[  0%] Built target tf_generate_messages_cpp
[  0%] Built target rosgraph_msgs_generate_messages_py
[  0%] Built target rosgraph_msgs_generate_messages_nodejs
[  0%] Built target sensor_msgs_generate_messages_py
[  0%] Built target tf_generate_messages_lisp
[  0%] Built target tf_generate_messages_nodejs
[  0%] Built target actionlib_generate_messages_cpp
[  0%] Built target tf2_msgs_generate_messages_py
[  0%] Built target roscpp_generate_messages_py
[  0%] Built target tf_generate_messages_py
[  0%] Built target actionlib_msgs_generate_messages_nodejs
[  0%] Built target sensor_msgs_generate_messages_eus
[  0%] Built target actionlib_msgs_generate_messages_eus
[  0%] Built target actionlib_generate_messages_lisp
[  0%] Built target actionlib_generate_messages_nodejs
[  0%] Built target actionlib_msgs_generate_messages_cpp
[  0%] Built target actionlib_generate_messages_py
[ 15%] Built target test_headpose_estimate_generate_messages_cpp
[ 36%] Built target test_headpose_estimate_generate_messages_py
[ 52%] Built target test_headpose_estimate_generate_messages_nodejs
[ 73%] Built target test_headpose_estimate_generate_messages_eus
[ 89%] Built target test_headpose_estimate_generate_messages_lisp
[ 89%] Built target test_headpose_estimate_generate_messages
[35m[1mScanning dependencies of target test_headpose_estimate_node[0m
[ 94%] [32mBuilding CXX object CMakeFiles/test_headpose_estimate_node.dir/src/test_headpose_estimate_node.cpp.o[0m
[01m[K/root/catkin_ws/src/test_headpose_estimate/src/test_headpose_estimate_node.cpp:[m[K In member function '[01m[Kvoid TestHeadposeEstimate::rgbImageCallback(const ImageConstPtr&)[m[K':
[01m[K/root/catkin_ws/src/test_headpose_estimate/src/test_headpose_estimate_node.cpp:466:143:[m[K [01;31m[Kerror: [m[Kexpected primary-expression before '[01m[K([m[K' token
       cv::line(cv_ptr->image,cv::Point(nose_tip[0],nose_tip[1]),cv::Point(nose_end_point2D_drawtmp[0],nose_end_point2D_drawtmp[1]), cv::Scalar(0,,255), 2);
[01;32m[K                                                                                                                                               ^[m[K
[01m[K/root/catkin_ws/src/test_headpose_estimate/src/test_headpose_estimate_node.cpp:466:146:[m[K [01;31m[Kerror: [m[Kexpected primary-expression before '[01m[K,[m[K' token
       cv::line(cv_ptr->image,cv::Point(nose_tip[0],nose_tip[1]),cv::Point(nose_end_point2D_drawtmp[0],nose_end_point2D_drawtmp[1]), cv::Scalar(0,,255), 2);
[01;32m[K                                                                                                                                                  ^[m[K
CMakeFiles/test_headpose_estimate_node.dir/build.make:62: recipe for target 'CMakeFiles/test_headpose_estimate_node.dir/src/test_headpose_estimate_node.cpp.o' failed
make[2]: *** [CMakeFiles/test_headpose_estimate_node.dir/src/test_headpose_estimate_node.cpp.o] Error 1
CMakeFiles/Makefile2:122: recipe for target 'CMakeFiles/test_headpose_estimate_node.dir/all' failed
make[1]: *** [CMakeFiles/test_headpose_estimate_node.dir/all] Error 2
Makefile:138: recipe for target 'all' failed
make: *** [all] Error 2
