[01m[K/root/catkin_ws/src/test_headpose_estimate/src/test_headpose_estimate_node.cpp:[m[K In member function '[01m[Kvoid TestHeadposeEstimate::rgbImageCallback(const ImageConstPtr&)[m[K':
[01m[K/root/catkin_ws/src/test_headpose_estimate/src/test_headpose_estimate_node.cpp:466:143:[m[K [01;31m[Kerror: [m[Kexpected primary-expression before '[01m[K([m[K' token
       cv::line(cv_ptr->image,cv::Point(nose_tip[0],nose_tip[1]),cv::Point(nose_end_point2D_drawtmp[0],nose_end_point2D_drawtmp[1]), cv::Scalar(0,,255), 2);
[01;32m[K                                                                                                                                               ^[m[K
[01m[K/root/catkin_ws/src/test_headpose_estimate/src/test_headpose_estimate_node.cpp:466:146:[m[K [01;31m[Kerror: [m[Kexpected primary-expression before '[01m[K,[m[K' token
       cv::line(cv_ptr->image,cv::Point(nose_tip[0],nose_tip[1]),cv::Point(nose_end_point2D_drawtmp[0],nose_end_point2D_drawtmp[1]), cv::Scalar(0,,255), 2);
[01;32m[K                                                                                                                                                  ^[m[K
make[2]: *** [CMakeFiles/test_headpose_estimate_node.dir/src/test_headpose_estimate_node.cpp.o] Error 1
make[1]: *** [CMakeFiles/test_headpose_estimate_node.dir/all] Error 2
make: *** [all] Error 2
